e:\大三下\.net\project\backend\bloodmanagement\codedll\x64\debug\codedll.pch
e:\大三下\.net\project\backend\bloodmanagement\codedll\x64\debug\vc141.pdb
e:\大三下\.net\project\backend\bloodmanagement\codedll\x64\debug\pch.obj
e:\大三下\.net\project\backend\bloodmanagement\codedll\x64\debug\codedll.obj
e:\大三下\.net\project\backend\bloodmanagement\codedll\x64\debug\assemblyinfo.obj
e:\大三下\.net\project\backend\bloodmanagement\codedll\x64\debug\.netframework,version=v4.6.1.assemblyattributes.obj
e:\大三下\.net\project\backend\bloodmanagement\codedll\x64\debug\.netframework,version=v4.6.1.assemblyattributes.asm
e:\大三下\.net\project\backend\bloodmanagement\x64\debug\codedll.dll
e:\大三下\.net\project\backend\bloodmanagement\x64\debug\codedll.pdb
e:\大三下\.net\project\backend\bloodmanagement\codedll\x64\debug\app.res
e:\大三下\.net\project\backend\bloodmanagement\codedll\x64\debug\codedll.vcxprojassemblyreference.cache
e:\大三下\.net\project\backend\bloodmanagement\codedll\x64\debug\codedll.tlog\cl.command.1.tlog
e:\大三下\.net\project\backend\bloodmanagement\codedll\x64\debug\codedll.tlog\cl.read.1.tlog
e:\大三下\.net\project\backend\bloodmanagement\codedll\x64\debug\codedll.tlog\cl.write.1.tlog
e:\大三下\.net\project\backend\bloodmanagement\codedll\x64\debug\codedll.tlog\link.command.1.tlog
e:\大三下\.net\project\backend\bloodmanagement\codedll\x64\debug\codedll.tlog\link.read.1.tlog
e:\大三下\.net\project\backend\bloodmanagement\codedll\x64\debug\codedll.tlog\link.write.1.tlog
e:\大三下\.net\project\backend\bloodmanagement\codedll\x64\debug\codedll.tlog\metagen.read.1.tlog
e:\大三下\.net\project\backend\bloodmanagement\codedll\x64\debug\codedll.tlog\metagen.write.1.tlog
e:\大三下\.net\project\backend\bloodmanagement\codedll\x64\debug\codedll.tlog\rc.command.1.tlog
e:\大三下\.net\project\backend\bloodmanagement\codedll\x64\debug\codedll.tlog\rc.read.1.tlog
e:\大三下\.net\project\backend\bloodmanagement\codedll\x64\debug\codedll.tlog\rc.write.1.tlog
